<?xml version="1.0" encoding="UTF-8"?>
<testng-results ignored="0" total="1" passed="1" failed="0" skipped="0">
  <reporter-output>
  </reporter-output>
  <suite started-at="2025-02-06T19:16:56 IST" name="Surefire suite" finished-at="2025-02-06T19:17:05 IST" duration-ms="8711">
    <groups>
    </groups>
    <test started-at="2025-02-06T19:16:56 IST" name="Surefire test" finished-at="2025-02-06T19:17:05 IST" duration-ms="8711">
      <class name="test_cases.First_Test">
        <test-method signature="first_test()[pri:0, instance:test_cases.First_Test@2805c96b]" started-at="2025-02-06T19:16:56 IST" name="first_test" finished-at="2025-02-06T19:17:05 IST" duration-ms="8683" status="PASS">
          <reporter-output>
          </reporter-output>
        </test-method> <!-- first_test -->
      </class> <!-- test_cases.First_Test -->
    </test> <!-- Surefire test -->
  </suite> <!-- Surefire suite -->
</testng-results>
