<?xml version="1.0" encoding="UTF-8"?>
<testng-results ignored="0" total="1" passed="1" failed="0" skipped="0">
  <reporter-output>
  </reporter-output>
  <suite started-at="2025-02-06T19:15:44 IST" name="Default suite" finished-at="2025-02-06T19:15:53 IST" duration-ms="8744">
    <groups>
    </groups>
    <test started-at="2025-02-06T19:15:44 IST" name="Default test" finished-at="2025-02-06T19:15:53 IST" duration-ms="8744">
      <class name="test_cases.First_Test">
        <test-method signature="first_test()[pri:0, instance:test_cases.First_Test@1b7cc17c]" started-at="2025-02-06T19:15:44 IST" name="first_test" finished-at="2025-02-06T19:15:53 IST" duration-ms="8697" status="PASS">
          <reporter-output>
          </reporter-output>
        </test-method> <!-- first_test -->
      </class> <!-- test_cases.First_Test -->
    </test> <!-- Default test -->
  </suite> <!-- Default suite -->
</testng-results>
